<?xml version="1.0" encoding="UTF-8"?>
<testsuite xmlns:xsi="http://www.w3.org/2001/XMLSchema-instance" xsi:noNamespaceSchemaLocation="https://maven.apache.org/surefire/maven-surefire-plugin/xsd/surefire-test-report.xsd" version="3.0.2" name="runnerClasses.WebRunnerClass" time="9.901" tests="2" errors="0" skipped="0" failures="0">
  <properties>
    <property name="java.specification.version" value="23"/>
    <property name="sun.jnu.encoding" value="UTF-8"/>
    <property name="java.class.path" value="/Users/rohitsharma/eclipse-workspace/user/target/test-classes:/Users/rohitsharma/eclipse-workspace/user/target/classes:/Users/rohitsharma/.m2/repository/io/cucumber/cucumber-testng/7.20.1/cucumber-testng-7.20.1.jar:/Users/rohitsharma/.m2/repository/org/apiguardian/apiguardian-api/1.1.2/apiguardian-api-1.1.2.jar:/Users/rohitsharma/.m2/repository/io/cucumber/cucumber-java/7.20.1/cucumber-java-7.20.1.jar:/Users/rohitsharma/.m2/repository/io/cucumber/cucumber-core/7.20.1/cucumber-core-7.20.1.jar:/Users/rohitsharma/.m2/repository/io/cucumber/cucumber-gherkin-messages/7.20.1/cucumber-gherkin-messages-7.20.1.jar:/Users/rohitsharma/.m2/repository/io/cucumber/gherkin/28.0.0/gherkin-28.0.0.jar:/Users/rohitsharma/.m2/repository/io/cucumber/messages/24.1.0/messages-24.1.0.jar:/Users/rohitsharma/.m2/repository/io/cucumber/testng-xml-formatter/0.2.0/testng-xml-formatter-0.2.0.jar:/Users/rohitsharma/.m2/repository/io/cucumber/query/12.2.0/query-12.2.0.jar:/Users/rohitsharma/.m2/repository/io/cucumber/tag-expressions/6.1.0/tag-expressions-6.1.0.jar:/Users/rohitsharma/.m2/repository/io/cucumber/docstring/7.20.1/docstring-7.20.1.jar:/Users/rohitsharma/.m2/repository/io/cucumber/html-formatter/21.7.0/html-formatter-21.7.0.jar:/Users/rohitsharma/.m2/repository/io/cucumber/junit-xml-formatter/0.5.0/junit-xml-formatter-0.5.0.jar:/Users/rohitsharma/.m2/repository/io/cucumber/ci-environment/10.0.1/ci-environment-10.0.1.jar:/Users/rohitsharma/.m2/repository/io/cucumber/cucumber-plugin/7.20.1/cucumber-plugin-7.20.1.jar:/Users/rohitsharma/.m2/repository/io/cucumber/cucumber-gherkin/7.20.1/cucumber-gherkin-7.20.1.jar:/Users/rohitsharma/.m2/repository/io/cucumber/datatable/7.20.1/datatable-7.20.1.jar:/Users/rohitsharma/.m2/repository/io/cucumber/cucumber-expressions/18.0.1/cucumber-expressions-18.0.1.jar:/Users/rohitsharma/.m2/repository/io/cucumber/datatable-matchers/7.20.1/datatable-matchers-7.20.1.jar:/Users/rohitsharma/.m2/repository/org/hamcrest/hamcrest/3.0/hamcrest-3.0.jar:/Users/rohitsharma/.m2/repository/org/testng/testng/7.10.2/testng-7.10.2.jar:/Users/rohitsharma/.m2/repository/org/slf4j/slf4j-api/1.7.36/slf4j-api-1.7.36.jar:/Users/rohitsharma/.m2/repository/com/beust/jcommander/1.82/jcommander-1.82.jar:/Users/rohitsharma/.m2/repository/org/webjars/jquery/3.7.1/jquery-3.7.1.jar:/Users/rohitsharma/.m2/repository/org/apache/commons/commons-email/1.6.0/commons-email-1.6.0.jar:/Users/rohitsharma/.m2/repository/com/sun/mail/jakarta.mail/1.6.7/jakarta.mail-1.6.7.jar:/Users/rohitsharma/.m2/repository/com/sun/activation/jakarta.activation/1.2.1/jakarta.activation-1.2.1.jar:/Users/rohitsharma/.m2/repository/com/fasterxml/jackson/core/jackson-core/2.18.2/jackson-core-2.18.2.jar:/Users/rohitsharma/.m2/repository/com/fasterxml/jackson/core/jackson-databind/2.18.2/jackson-databind-2.18.2.jar:/Users/rohitsharma/.m2/repository/com/fasterxml/jackson/core/jackson-annotations/2.18.2/jackson-annotations-2.18.2.jar:/Users/rohitsharma/.m2/repository/io/rest-assured/rest-assured/5.5.0/rest-assured-5.5.0.jar:/Users/rohitsharma/.m2/repository/org/apache/groovy/groovy/4.0.22/groovy-4.0.22.jar:/Users/rohitsharma/.m2/repository/org/apache/groovy/groovy-xml/4.0.22/groovy-xml-4.0.22.jar:/Users/rohitsharma/.m2/repository/org/apache/httpcomponents/httpclient/4.5.13/httpclient-4.5.13.jar:/Users/rohitsharma/.m2/repository/org/apache/httpcomponents/httpcore/4.4.13/httpcore-4.4.13.jar:/Users/rohitsharma/.m2/repository/commons-logging/commons-logging/1.2/commons-logging-1.2.jar:/Users/rohitsharma/.m2/repository/commons-codec/commons-codec/1.11/commons-codec-1.11.jar:/Users/rohitsharma/.m2/repository/org/apache/httpcomponents/httpmime/4.5.13/httpmime-4.5.13.jar:/Users/rohitsharma/.m2/repository/org/ccil/cowan/tagsoup/tagsoup/1.2.1/tagsoup-1.2.1.jar:/Users/rohitsharma/.m2/repository/io/rest-assured/json-path/5.5.0/json-path-5.5.0.jar:/Users/rohitsharma/.m2/repository/org/apache/groovy/groovy-json/4.0.22/groovy-json-4.0.22.jar:/Users/rohitsharma/.m2/repository/io/rest-assured/rest-assured-common/5.5.0/rest-assured-common-5.5.0.jar:/Users/rohitsharma/.m2/repository/io/rest-assured/xml-path/5.5.0/xml-path-5.5.0.jar:/Users/rohitsharma/.m2/repository/org/apache/commons/commons-lang3/3.11/commons-lang3-3.11.jar:/Users/rohitsharma/.m2/repository/io/rest-assured/rest-assured-all/5.5.0/rest-assured-all-5.5.0.jar:/Users/rohitsharma/.m2/repository/com/microsoft/playwright/playwright/1.48.0/playwright-1.48.0.jar:/Users/rohitsharma/.m2/repository/com/google/code/gson/gson/2.11.0/gson-2.11.0.jar:/Users/rohitsharma/.m2/repository/com/google/errorprone/error_prone_annotations/2.27.0/error_prone_annotations-2.27.0.jar:/Users/rohitsharma/.m2/repository/org/opentest4j/opentest4j/1.3.0/opentest4j-1.3.0.jar:/Users/rohitsharma/.m2/repository/com/microsoft/playwright/driver-bundle/1.48.0/driver-bundle-1.48.0.jar:/Users/rohitsharma/.m2/repository/com/microsoft/playwright/driver/1.48.0/driver-1.48.0.jar:/Users/rohitsharma/.m2/repository/com/thoughtworks/gauge/maven/gauge-maven-plugin/1.6.3/gauge-maven-plugin-1.6.3.jar:/Users/rohitsharma/.m2/repository/com/thoughtworks/gauge/gauge-java/0.11.1/gauge-java-0.11.1.jar:/Users/rohitsharma/.m2/repository/org/assertj/assertj-core/3.26.3/assertj-core-3.26.3.jar:/Users/rohitsharma/.m2/repository/net/bytebuddy/byte-buddy/1.14.18/byte-buddy-1.14.18.jar:/Users/rohitsharma/.m2/repository/org/reflections/reflections/0.10.2/reflections-0.10.2.jar:/Users/rohitsharma/.m2/repository/org/javassist/javassist/3.28.0-GA/javassist-3.28.0-GA.jar:/Users/rohitsharma/.m2/repository/com/google/code/findbugs/jsr305/3.0.2/jsr305-3.0.2.jar:/Users/rohitsharma/.m2/repository/com/github/javaparser/javaparser-core/3.26.2/javaparser-core-3.26.2.jar:/Users/rohitsharma/.m2/repository/org/json/json/20240303/json-20240303.jar:/Users/rohitsharma/.m2/repository/com/google/protobuf/protobuf-java/4.28.2/protobuf-java-4.28.2.jar:/Users/rohitsharma/.m2/repository/com/google/guava/guava/33.3.0-jre/guava-33.3.0-jre.jar:/Users/rohitsharma/.m2/repository/com/google/guava/failureaccess/1.0.2/failureaccess-1.0.2.jar:/Users/rohitsharma/.m2/repository/com/google/guava/listenablefuture/9999.0-empty-to-avoid-conflict-with-guava/listenablefuture-9999.0-empty-to-avoid-conflict-with-guava.jar:/Users/rohitsharma/.m2/repository/org/checkerframework/checker-qual/3.43.0/checker-qual-3.43.0.jar:/Users/rohitsharma/.m2/repository/com/google/j2objc/j2objc-annotations/3.0.0/j2objc-annotations-3.0.0.jar:/Users/rohitsharma/.m2/repository/io/grpc/grpc-api/1.68.0/grpc-api-1.68.0.jar:/Users/rohitsharma/.m2/repository/io/grpc/grpc-netty-shaded/1.68.0/grpc-netty-shaded-1.68.0.jar:/Users/rohitsharma/.m2/repository/io/grpc/grpc-util/1.68.0/grpc-util-1.68.0.jar:/Users/rohitsharma/.m2/repository/org/codehaus/mojo/animal-sniffer-annotations/1.24/animal-sniffer-annotations-1.24.jar:/Users/rohitsharma/.m2/repository/io/grpc/grpc-core/1.68.0/grpc-core-1.68.0.jar:/Users/rohitsharma/.m2/repository/com/google/android/annotations/4.1.1.4/annotations-4.1.1.4.jar:/Users/rohitsharma/.m2/repository/io/grpc/grpc-context/1.68.0/grpc-context-1.68.0.jar:/Users/rohitsharma/.m2/repository/io/perfmark/perfmark-api/0.27.0/perfmark-api-0.27.0.jar:/Users/rohitsharma/.m2/repository/io/grpc/grpc-protobuf/1.68.0/grpc-protobuf-1.68.0.jar:/Users/rohitsharma/.m2/repository/com/google/api/grpc/proto-google-common-protos/2.41.0/proto-google-common-protos-2.41.0.jar:/Users/rohitsharma/.m2/repository/io/grpc/grpc-protobuf-lite/1.68.0/grpc-protobuf-lite-1.68.0.jar:/Users/rohitsharma/.m2/repository/io/grpc/grpc-stub/1.68.0/grpc-stub-1.68.0.jar:"/>
    <property name="java.vm.vendor" value="Homebrew"/>
    <property name="sun.arch.data.model" value="64"/>
    <property name="java.vendor.url" value="https://github.com/Homebrew/homebrew-core/issues"/>
    <property name="user.timezone" value="Asia/Kolkata"/>
    <property name="os.name" value="Mac OS X"/>
    <property name="java.vm.specification.version" value="23"/>
    <property name="sun.java.launcher" value="SUN_STANDARD"/>
    <property name="user.country" value="IN"/>
    <property name="sun.boot.library.path" value="/opt/homebrew/Cellar/openjdk/23.0.1/libexec/openjdk.jdk/Contents/Home/lib"/>
    <property name="sun.java.command" value="/Users/rohitsharma/eclipse-workspace/user/target/surefire/surefirebooter-20241227230126205_3.jar /Users/rohitsharma/eclipse-workspace/user/target/surefire 2024-12-27T23-01-26_162-jvmRun1 surefire-20241227230126205_1tmp surefire_0-20241227230126205_2tmp"/>
    <property name="jdk.debug" value="release"/>
    <property name="surefire.test.class.path" value="/Users/rohitsharma/eclipse-workspace/user/target/test-classes:/Users/rohitsharma/eclipse-workspace/user/target/classes:/Users/rohitsharma/.m2/repository/io/cucumber/cucumber-testng/7.20.1/cucumber-testng-7.20.1.jar:/Users/rohitsharma/.m2/repository/org/apiguardian/apiguardian-api/1.1.2/apiguardian-api-1.1.2.jar:/Users/rohitsharma/.m2/repository/io/cucumber/cucumber-java/7.20.1/cucumber-java-7.20.1.jar:/Users/rohitsharma/.m2/repository/io/cucumber/cucumber-core/7.20.1/cucumber-core-7.20.1.jar:/Users/rohitsharma/.m2/repository/io/cucumber/cucumber-gherkin-messages/7.20.1/cucumber-gherkin-messages-7.20.1.jar:/Users/rohitsharma/.m2/repository/io/cucumber/gherkin/28.0.0/gherkin-28.0.0.jar:/Users/rohitsharma/.m2/repository/io/cucumber/messages/24.1.0/messages-24.1.0.jar:/Users/rohitsharma/.m2/repository/io/cucumber/testng-xml-formatter/0.2.0/testng-xml-formatter-0.2.0.jar:/Users/rohitsharma/.m2/repository/io/cucumber/query/12.2.0/query-12.2.0.jar:/Users/rohitsharma/.m2/repository/io/cucumber/tag-expressions/6.1.0/tag-expressions-6.1.0.jar:/Users/rohitsharma/.m2/repository/io/cucumber/docstring/7.20.1/docstring-7.20.1.jar:/Users/rohitsharma/.m2/repository/io/cucumber/html-formatter/21.7.0/html-formatter-21.7.0.jar:/Users/rohitsharma/.m2/repository/io/cucumber/junit-xml-formatter/0.5.0/junit-xml-formatter-0.5.0.jar:/Users/rohitsharma/.m2/repository/io/cucumber/ci-environment/10.0.1/ci-environment-10.0.1.jar:/Users/rohitsharma/.m2/repository/io/cucumber/cucumber-plugin/7.20.1/cucumber-plugin-7.20.1.jar:/Users/rohitsharma/.m2/repository/io/cucumber/cucumber-gherkin/7.20.1/cucumber-gherkin-7.20.1.jar:/Users/rohitsharma/.m2/repository/io/cucumber/datatable/7.20.1/datatable-7.20.1.jar:/Users/rohitsharma/.m2/repository/io/cucumber/cucumber-expressions/18.0.1/cucumber-expressions-18.0.1.jar:/Users/rohitsharma/.m2/repository/io/cucumber/datatable-matchers/7.20.1/datatable-matchers-7.20.1.jar:/Users/rohitsharma/.m2/repository/org/hamcrest/hamcrest/3.0/hamcrest-3.0.jar:/Users/rohitsharma/.m2/repository/org/testng/testng/7.10.2/testng-7.10.2.jar:/Users/rohitsharma/.m2/repository/org/slf4j/slf4j-api/1.7.36/slf4j-api-1.7.36.jar:/Users/rohitsharma/.m2/repository/com/beust/jcommander/1.82/jcommander-1.82.jar:/Users/rohitsharma/.m2/repository/org/webjars/jquery/3.7.1/jquery-3.7.1.jar:/Users/rohitsharma/.m2/repository/org/apache/commons/commons-email/1.6.0/commons-email-1.6.0.jar:/Users/rohitsharma/.m2/repository/com/sun/mail/jakarta.mail/1.6.7/jakarta.mail-1.6.7.jar:/Users/rohitsharma/.m2/repository/com/sun/activation/jakarta.activation/1.2.1/jakarta.activation-1.2.1.jar:/Users/rohitsharma/.m2/repository/com/fasterxml/jackson/core/jackson-core/2.18.2/jackson-core-2.18.2.jar:/Users/rohitsharma/.m2/repository/com/fasterxml/jackson/core/jackson-databind/2.18.2/jackson-databind-2.18.2.jar:/Users/rohitsharma/.m2/repository/com/fasterxml/jackson/core/jackson-annotations/2.18.2/jackson-annotations-2.18.2.jar:/Users/rohitsharma/.m2/repository/io/rest-assured/rest-assured/5.5.0/rest-assured-5.5.0.jar:/Users/rohitsharma/.m2/repository/org/apache/groovy/groovy/4.0.22/groovy-4.0.22.jar:/Users/rohitsharma/.m2/repository/org/apache/groovy/groovy-xml/4.0.22/groovy-xml-4.0.22.jar:/Users/rohitsharma/.m2/repository/org/apache/httpcomponents/httpclient/4.5.13/httpclient-4.5.13.jar:/Users/rohitsharma/.m2/repository/org/apache/httpcomponents/httpcore/4.4.13/httpcore-4.4.13.jar:/Users/rohitsharma/.m2/repository/commons-logging/commons-logging/1.2/commons-logging-1.2.jar:/Users/rohitsharma/.m2/repository/commons-codec/commons-codec/1.11/commons-codec-1.11.jar:/Users/rohitsharma/.m2/repository/org/apache/httpcomponents/httpmime/4.5.13/httpmime-4.5.13.jar:/Users/rohitsharma/.m2/repository/org/ccil/cowan/tagsoup/tagsoup/1.2.1/tagsoup-1.2.1.jar:/Users/rohitsharma/.m2/repository/io/rest-assured/json-path/5.5.0/json-path-5.5.0.jar:/Users/rohitsharma/.m2/repository/org/apache/groovy/groovy-json/4.0.22/groovy-json-4.0.22.jar:/Users/rohitsharma/.m2/repository/io/rest-assured/rest-assured-common/5.5.0/rest-assured-common-5.5.0.jar:/Users/rohitsharma/.m2/repository/io/rest-assured/xml-path/5.5.0/xml-path-5.5.0.jar:/Users/rohitsharma/.m2/repository/org/apache/commons/commons-lang3/3.11/commons-lang3-3.11.jar:/Users/rohitsharma/.m2/repository/io/rest-assured/rest-assured-all/5.5.0/rest-assured-all-5.5.0.jar:/Users/rohitsharma/.m2/repository/com/microsoft/playwright/playwright/1.48.0/playwright-1.48.0.jar:/Users/rohitsharma/.m2/repository/com/google/code/gson/gson/2.11.0/gson-2.11.0.jar:/Users/rohitsharma/.m2/repository/com/google/errorprone/error_prone_annotations/2.27.0/error_prone_annotations-2.27.0.jar:/Users/rohitsharma/.m2/repository/org/opentest4j/opentest4j/1.3.0/opentest4j-1.3.0.jar:/Users/rohitsharma/.m2/repository/com/microsoft/playwright/driver-bundle/1.48.0/driver-bundle-1.48.0.jar:/Users/rohitsharma/.m2/repository/com/microsoft/playwright/driver/1.48.0/driver-1.48.0.jar:/Users/rohitsharma/.m2/repository/com/thoughtworks/gauge/maven/gauge-maven-plugin/1.6.3/gauge-maven-plugin-1.6.3.jar:/Users/rohitsharma/.m2/repository/com/thoughtworks/gauge/gauge-java/0.11.1/gauge-java-0.11.1.jar:/Users/rohitsharma/.m2/repository/org/assertj/assertj-core/3.26.3/assertj-core-3.26.3.jar:/Users/rohitsharma/.m2/repository/net/bytebuddy/byte-buddy/1.14.18/byte-buddy-1.14.18.jar:/Users/rohitsharma/.m2/repository/org/reflections/reflections/0.10.2/reflections-0.10.2.jar:/Users/rohitsharma/.m2/repository/org/javassist/javassist/3.28.0-GA/javassist-3.28.0-GA.jar:/Users/rohitsharma/.m2/repository/com/google/code/findbugs/jsr305/3.0.2/jsr305-3.0.2.jar:/Users/rohitsharma/.m2/repository/com/github/javaparser/javaparser-core/3.26.2/javaparser-core-3.26.2.jar:/Users/rohitsharma/.m2/repository/org/json/json/20240303/json-20240303.jar:/Users/rohitsharma/.m2/repository/com/google/protobuf/protobuf-java/4.28.2/protobuf-java-4.28.2.jar:/Users/rohitsharma/.m2/repository/com/google/guava/guava/33.3.0-jre/guava-33.3.0-jre.jar:/Users/rohitsharma/.m2/repository/com/google/guava/failureaccess/1.0.2/failureaccess-1.0.2.jar:/Users/rohitsharma/.m2/repository/com/google/guava/listenablefuture/9999.0-empty-to-avoid-conflict-with-guava/listenablefuture-9999.0-empty-to-avoid-conflict-with-guava.jar:/Users/rohitsharma/.m2/repository/org/checkerframework/checker-qual/3.43.0/checker-qual-3.43.0.jar:/Users/rohitsharma/.m2/repository/com/google/j2objc/j2objc-annotations/3.0.0/j2objc-annotations-3.0.0.jar:/Users/rohitsharma/.m2/repository/io/grpc/grpc-api/1.68.0/grpc-api-1.68.0.jar:/Users/rohitsharma/.m2/repository/io/grpc/grpc-netty-shaded/1.68.0/grpc-netty-shaded-1.68.0.jar:/Users/rohitsharma/.m2/repository/io/grpc/grpc-util/1.68.0/grpc-util-1.68.0.jar:/Users/rohitsharma/.m2/repository/org/codehaus/mojo/animal-sniffer-annotations/1.24/animal-sniffer-annotations-1.24.jar:/Users/rohitsharma/.m2/repository/io/grpc/grpc-core/1.68.0/grpc-core-1.68.0.jar:/Users/rohitsharma/.m2/repository/com/google/android/annotations/4.1.1.4/annotations-4.1.1.4.jar:/Users/rohitsharma/.m2/repository/io/grpc/grpc-context/1.68.0/grpc-context-1.68.0.jar:/Users/rohitsharma/.m2/repository/io/perfmark/perfmark-api/0.27.0/perfmark-api-0.27.0.jar:/Users/rohitsharma/.m2/repository/io/grpc/grpc-protobuf/1.68.0/grpc-protobuf-1.68.0.jar:/Users/rohitsharma/.m2/repository/com/google/api/grpc/proto-google-common-protos/2.41.0/proto-google-common-protos-2.41.0.jar:/Users/rohitsharma/.m2/repository/io/grpc/grpc-protobuf-lite/1.68.0/grpc-protobuf-lite-1.68.0.jar:/Users/rohitsharma/.m2/repository/io/grpc/grpc-stub/1.68.0/grpc-stub-1.68.0.jar:"/>
    <property name="sun.cpu.endian" value="little"/>
    <property name="user.home" value="/Users/rohitsharma"/>
    <property name="user.language" value="en"/>
    <property name="java.specification.vendor" value="Oracle Corporation"/>
    <property name="java.version.date" value="2024-10-15"/>
    <property name="java.home" value="/opt/homebrew/Cellar/openjdk/23.0.1/libexec/openjdk.jdk/Contents/Home"/>
    <property name="file.separator" value="/"/>
    <property name="basedir" value="/Users/rohitsharma/eclipse-workspace/user"/>
    <property name="style.color" value="always"/>
    <property name="java.vm.compressedOopsMode" value="Zero based"/>
    <property name="line.separator" value="&#10;"/>
    <property name="java.vm.specification.vendor" value="Oracle Corporation"/>
    <property name="java.specification.name" value="Java Platform API Specification"/>
    <property name="apple.awt.application.name" value="ForkedBooter"/>
    <property name="surefire.real.class.path" value="/Users/rohitsharma/eclipse-workspace/user/target/surefire/surefirebooter-20241227230126205_3.jar"/>
    <property name="sun.management.compiler" value="HotSpot 64-Bit Tiered Compilers"/>
    <property name="java.runtime.version" value="23.0.1"/>
    <property name="user.name" value="rohitsharma"/>
    <property name="stdout.encoding" value="UTF-8"/>
    <property name="path.separator" value=":"/>
    <property name="os.version" value="15.2"/>
    <property name="java.runtime.name" value="OpenJDK Runtime Environment"/>
    <property name="file.encoding" value="UTF-8"/>
    <property name="java.vm.name" value="OpenJDK 64-Bit Server VM"/>
    <property name="java.vendor.version" value="Homebrew"/>
    <property name="localRepository" value="/Users/rohitsharma/.m2/repository"/>
    <property name="java.vendor.url.bug" value="https://github.com/Homebrew/homebrew-core/issues"/>
    <property name="java.io.tmpdir" value="/var/folders/mw/6crxb4g55cg4gvf9b81gtsf00000gn/T/"/>
    <property name="java.version" value="23.0.1"/>
    <property name="user.dir" value="/Users/rohitsharma/eclipse-workspace/user"/>
    <property name="os.arch" value="aarch64"/>
    <property name="java.vm.specification.name" value="Java Virtual Machine Specification"/>
    <property name="native.encoding" value="UTF-8"/>
    <property name="java.library.path" value="/Users/rohitsharma/Library/Java/Extensions:/Library/Java/Extensions:/Network/Library/Java/Extensions:/System/Library/Java/Extensions:/usr/lib/java:."/>
    <property name="java.vm.info" value="mixed mode, sharing"/>
    <property name="stderr.encoding" value="UTF-8"/>
    <property name="java.vendor" value="Homebrew"/>
    <property name="java.vm.version" value="23.0.1"/>
    <property name="sun.io.unicode.encoding" value="UnicodeBig"/>
    <property name="java.class.version" value="67.0"/>
  </properties>
  <testcase name="runScenario[&quot;Login&quot;, &quot;Login&quot;](1)" classname="runnerClasses.WebRunnerClass" time="3.887">
    <system-out><![CDATA[{
    "email": "eve.holt@reqres.in",
    "password": "cityslicka"
}
https://reqres.in/api/login
{"token":"QpwL5tke4Pnpja7X4"}
QpwL5tke4Pnpja7X4
QpwL5tke4Pnpja7X4
]]></system-out>
    <system-err><![CDATA[SLF4J: Failed to load class "org.slf4j.impl.StaticLoggerBinder".
SLF4J: Defaulting to no-operation (NOP) logger implementation
SLF4J: See http://www.slf4j.org/codes.html#StaticLoggerBinder for further details.
]]></system-err>
  </testcase>
  <testcase name="runScenario[&quot;Createuser&quot;, &quot;Createuser&quot;](2)" classname="runnerClasses.WebRunnerClass" time="0.387">
    <system-out><![CDATA[{
    "name": "morpheus",
    "job": "leader"
}
https://reqres.in/api/users
{"name":"morpheus","job":"leader","id":"277","createdAt":"2024-12-27T17:31:31.063Z"}
morpheus
morpheus
]]></system-out>
  </testcase>
</testsuite>