<?xml version="1.0" encoding="UTF-8"?>
<!-- Generated by org.testng.reporters.JUnitReportReporter -->
<testsuite hostname="Rohits-MacBook-Air.local" failures="0" tests="2" name="runnerClasses.WebRunnerClass" time="3.576" errors="2" timestamp="2024-12-27T21:38:33 IST" skipped="0">
  <testcase classname="runnerClasses.WebRunnerClass" name="runScenario" time="3.090">
    <error message="Cannot invoke &quot;io.cucumber.cienvironment.internal.com.eclipsesource.json.JsonValue.asString()&quot; because the return value of &quot;io.cucumber.cienvironment.internal.com.eclipsesource.json.JsonObject.get(String)&quot; is null" type="java.lang.NullPointerException">
      <![CDATA[java.lang.NullPointerException: Cannot invoke "io.cucumber.cienvironment.internal.com.eclipsesource.json.JsonValue.asString()" because the return value of "io.cucumber.cienvironment.internal.com.eclipsesource.json.JsonObject.get(String)" is null
at Hooks.APIStepImplementation.api_response_body_should_contain_parameter_with_value(APIStepImplementation.java:80)
at ✽.API response body should contain parameter "token" with "QpwL5tke4Pnpja7X4"(file:///Users/rohitsharma/eclipse-workspace/user/specs/api/LoginAPI.feature:17)
]]>
    </error>
  </testcase> <!-- runScenario -->
  <testcase classname="runnerClasses.WebRunnerClass" name="runScenario" time="0.486">
    <error message="Cannot invoke &quot;io.cucumber.cienvironment.internal.com.eclipsesource.json.JsonValue.asString()&quot; because the return value of &quot;io.cucumber.cienvironment.internal.com.eclipsesource.json.JsonObject.get(String)&quot; is null" type="java.lang.NullPointerException">
      <![CDATA[java.lang.NullPointerException: Cannot invoke "io.cucumber.cienvironment.internal.com.eclipsesource.json.JsonValue.asString()" because the return value of "io.cucumber.cienvironment.internal.com.eclipsesource.json.JsonObject.get(String)" is null
at Hooks.APIStepImplementation.api_response_body_should_contain_parameter_with_value(APIStepImplementation.java:80)
at ✽.API response body should contain parameter "name" with "morpheus"(file:///Users/rohitsharma/eclipse-workspace/user/specs/api/createUserAPI.feature:8)
]]>
    </error>
  </testcase> <!-- runScenario -->
</testsuite> <!-- runnerClasses.WebRunnerClass -->
