<?xml version="1.0" encoding="UTF-8"?>
<!-- Generated by org.testng.reporters.JUnitReportReporter -->
<testsuite hostname="Rohits-MacBook-Air.local" failures="0" tests="2" name="runnerClasses.LoginRunnerClass" time="10.758" errors="0" timestamp="2024-12-25T19:13:17 IST" skipped="0">
  <testcase classname="runnerClasses.LoginRunnerClass" name="runScenario" time="5.194"/>
  <testcase classname="runnerClasses.LoginRunnerClass" name="runScenario" time="5.564"/>
</testsuite> <!-- runnerClasses.LoginRunnerClass -->
