<?xml version="1.0" encoding="UTF-8"?>
<!-- Generated by org.testng.reporters.JUnitReportReporter -->
<testsuite hostname="Rohits-MacBook-Air.local" failures="0" tests="2" name="runnerClasses.RunnerClass" time="10.611" errors="0" timestamp="2024-12-25T17:50:06 IST" skipped="0">
  <testcase classname="runnerClasses.RunnerClass" name="runScenario" time="5.406"/>
  <testcase classname="runnerClasses.RunnerClass" name="runScenario" time="5.205"/>
</testsuite> <!-- runnerClasses.RunnerClass -->
