<?xml version="1.0" encoding="UTF-8"?>
<!-- Generated by org.testng.reporters.JUnitReportReporter -->
<testsuite hostname="Rohits-MacBook-Air.local" failures="0" tests="2" name="runnerClasses.APIRunnerClass2" time="14.820" errors="0" timestamp="2024-12-27T14:00:21 IST" skipped="0">
  <testcase classname="runnerClasses.APIRunnerClass2" name="runScenario" time="7.612"/>
  <testcase classname="runnerClasses.APIRunnerClass2" name="runScenario" time="7.208"/>
</testsuite> <!-- runnerClasses.APIRunnerClass2 -->
