<?xml version="1.0" encoding="UTF-8"?>
<!-- Generated by org.testng.reporters.JUnitReportReporter -->
<testsuite hostname="Rohits-MacBook-Air.local" failures="0" tests="6" name="runnerClasses.APIRunnerClass" time="14.980" errors="6" timestamp="2024-12-27T17:46:53 IST" skipped="0">
  <testcase classname="runnerClasses.APIRunnerClass" name="runScenario" time="2.495">
    <error message="Cannot invoke &quot;java.util.Properties.getProperty(String)&quot; because &quot;properties&quot; is null" type="java.lang.NullPointerException">
      <![CDATA[java.lang.NullPointerException: Cannot invoke "java.util.Properties.getProperty(String)" because "properties" is null
at APIClasses.APIClass.<init>(APIClass.java:33)
at gaugeConfig.APISpecific.APIStepImplementation.i_am_requesting_api(APIStepImplementation.java:135)
at ✽.I am requesting "Createuser" api(file:///Users/rohitsharma/eclipse-workspace/user/apiSpecs/createUserAPI.feature:20)
]]>
    </error>
  </testcase> <!-- runScenario -->
  <testcase classname="runnerClasses.APIRunnerClass" name="runScenario" time="2.496">
    <error message="Cannot invoke &quot;java.util.Properties.getProperty(String)&quot; because &quot;properties&quot; is null" type="java.lang.NullPointerException">
      <![CDATA[java.lang.NullPointerException: Cannot invoke "java.util.Properties.getProperty(String)" because "properties" is null
at APIClasses.APIClass.<init>(APIClass.java:33)
at gaugeConfig.APISpecific.APIStepImplementation.i_am_requesting_api(APIStepImplementation.java:135)
at ✽.I am requesting "Createuser" api(file:///Users/rohitsharma/eclipse-workspace/user/apiSpecs/createUserAPI.feature:27)
]]>
    </error>
  </testcase> <!-- runScenario -->
  <testcase classname="runnerClasses.APIRunnerClass" name="runScenario" time="2.501">
    <error message="Cannot invoke &quot;java.util.Properties.getProperty(String)&quot; because &quot;properties&quot; is null" type="java.lang.NullPointerException">
      <![CDATA[java.lang.NullPointerException: Cannot invoke "java.util.Properties.getProperty(String)" because "properties" is null
at APIClasses.APIClass.<init>(APIClass.java:33)
at gaugeConfig.APISpecific.APIStepImplementation.i_am_requesting_api(APIStepImplementation.java:135)
at ✽.I am requesting "Createuser" api(file:///Users/rohitsharma/eclipse-workspace/user/apiSpecs/createUserAPI.feature:34)
]]>
    </error>
  </testcase> <!-- runScenario -->
  <testcase classname="runnerClasses.APIRunnerClass" name="runScenario" time="2.498">
    <error message="Cannot invoke &quot;java.util.Properties.getProperty(String)&quot; because &quot;properties&quot; is null" type="java.lang.NullPointerException">
      <![CDATA[java.lang.NullPointerException: Cannot invoke "java.util.Properties.getProperty(String)" because "properties" is null
at APIClasses.APIClass.<init>(APIClass.java:33)
at gaugeConfig.APISpecific.APIStepImplementation.i_am_requesting_api(APIStepImplementation.java:135)
at ✽.I am requesting "Createuser" api(file:///Users/rohitsharma/eclipse-workspace/user/apiSpecs/createUserAPI.feature:15)
]]>
    </error>
  </testcase> <!-- runScenario -->
  <testcase classname="runnerClasses.APIRunnerClass" name="runScenario" time="2.494">
    <error message="Cannot invoke &quot;java.util.Properties.getProperty(String)&quot; because &quot;gaugeConfig.APISpecific.APIHooks.config&quot; is null" type="java.lang.NullPointerException">
      <![CDATA[java.lang.NullPointerException: Cannot invoke "java.util.Properties.getProperty(String)" because "gaugeConfig.APISpecific.APIHooks.config" is null
at gaugeConfig.APISpecific.APIStepImplementation.i_am_on(APIStepImplementation.java:33)
at ✽.I am on "Createuser"(file:///Users/rohitsharma/eclipse-workspace/user/apiSpecs/createUserAPI.feature:7)
]]>
    </error>
  </testcase> <!-- runScenario -->
  <testcase classname="runnerClasses.APIRunnerClass" name="runScenario" time="2.496">
    <error message="Cannot invoke &quot;java.util.Properties.getProperty(String)&quot; because &quot;properties&quot; is null" type="java.lang.NullPointerException">
      <![CDATA[java.lang.NullPointerException: Cannot invoke "java.util.Properties.getProperty(String)" because "properties" is null
at APIClasses.APIClass.<init>(APIClass.java:33)
at gaugeConfig.APISpecific.APIStepImplementation.i_am_requesting_api(APIStepImplementation.java:135)
at ✽.I am requesting "Login" api(file:///Users/rohitsharma/eclipse-workspace/user/apiSpecs/LoginAPI.feature:10)
]]>
    </error>
  </testcase> <!-- runScenario -->
</testsuite> <!-- runnerClasses.APIRunnerClass -->
