<?xml version="1.0" encoding="UTF-8"?>
<!-- Generated by org.testng.reporters.JUnitReportReporter -->
<testsuite hostname="Rohits-MacBook-Air.local" failures="0" tests="6" name="runnerClasses.RunnerClass" time="43.851" errors="0" timestamp="2024-12-28T00:20:17 IST" skipped="0">
  <testcase classname="runnerClasses.RunnerClass" name="runScenario" time="3.589"/>
  <testcase classname="runnerClasses.RunnerClass" name="runScenario" time="9.171"/>
  <testcase classname="runnerClasses.RunnerClass" name="runScenario" time="9.171"/>
  <testcase classname="runnerClasses.RunnerClass" name="runScenario" time="9.171"/>
  <testcase classname="runnerClasses.RunnerClass" name="runScenario" time="3.578"/>
  <testcase classname="runnerClasses.RunnerClass" name="runScenario" time="9.171"/>
</testsuite> <!-- runnerClasses.RunnerClass -->
