<?xml version="1.0" encoding="UTF-8"?>
<!-- Generated by org.testng.reporters.JUnitReportReporter -->
<testsuite hostname="Rohits-MacBook-Air.local" failures="0" tests="2" name="runnerClasses.WebRunnerClass" time="4.276" errors="0" timestamp="2024-12-27T23:01:36 IST" skipped="0">
  <testcase classname="runnerClasses.WebRunnerClass" name="runScenario" time="3.886"/>
  <testcase classname="runnerClasses.WebRunnerClass" name="runScenario" time="0.390"/>
</testsuite> <!-- runnerClasses.WebRunnerClass -->
